action: GLOB, msg: packaging
cwd: /Users/shk2003/Desktop/Pioneer_Mart
cmd: /Library/Frameworks/Python.framework/Versions/3.8/bin/python3.8 setup.py sdist --formats=zip --dist-dir .tox/dist
running sdist
running egg_info
writing src/Pioneer_Mart.egg-info/PKG-INFO
writing dependency_links to src/Pioneer_Mart.egg-info/dependency_links.txt
writing requirements to src/Pioneer_Mart.egg-info/requires.txt
writing top-level names to src/Pioneer_Mart.egg-info/top_level.txt
warning: the 'license_file' option is deprecated, use 'license_files' instead
adding license file 'LICENSE' (matched pattern 'LICENSE')
reading manifest file 'src/Pioneer_Mart.egg-info/SOURCES.txt'
writing manifest file 'src/Pioneer_Mart.egg-info/SOURCES.txt'
running check
warning: check: missing required meta-data: url

warning: check: missing meta-data: if 'author' supplied, 'author_email' must be supplied too

creating Pioneer Mart-0.0.0
creating Pioneer Mart-0.0.0/src
creating Pioneer Mart-0.0.0/src/Pioneer_Mart.egg-info
creating Pioneer Mart-0.0.0/src/basic_classes
creating Pioneer Mart-0.0.0/tests
copying files to Pioneer Mart-0.0.0...
copying LICENSE -> Pioneer Mart-0.0.0
copying README.md -> Pioneer Mart-0.0.0
copying pyproject.toml -> Pioneer Mart-0.0.0
copying setup.cfg -> Pioneer Mart-0.0.0
copying setup.py -> Pioneer Mart-0.0.0
copying src/Pioneer_Mart.egg-info/PKG-INFO -> Pioneer Mart-0.0.0/src/Pioneer_Mart.egg-info
copying src/Pioneer_Mart.egg-info/SOURCES.txt -> Pioneer Mart-0.0.0/src/Pioneer_Mart.egg-info
copying src/Pioneer_Mart.egg-info/dependency_links.txt -> Pioneer Mart-0.0.0/src/Pioneer_Mart.egg-info
copying src/Pioneer_Mart.egg-info/not-zip-safe -> Pioneer Mart-0.0.0/src/Pioneer_Mart.egg-info
copying src/Pioneer_Mart.egg-info/requires.txt -> Pioneer Mart-0.0.0/src/Pioneer_Mart.egg-info
copying src/Pioneer_Mart.egg-info/top_level.txt -> Pioneer Mart-0.0.0/src/Pioneer_Mart.egg-info
copying src/basic_classes/User_example.py -> Pioneer Mart-0.0.0/src/basic_classes
copying src/basic_classes/__init__.py -> Pioneer Mart-0.0.0/src/basic_classes
copying src/basic_classes/py.typed -> Pioneer Mart-0.0.0/src/basic_classes
copying tests/test_ex.py -> Pioneer Mart-0.0.0/tests
Writing Pioneer Mart-0.0.0/setup.cfg
creating '.tox/dist/Pioneer Mart-0.0.0.zip' and adding 'Pioneer Mart-0.0.0' to it
adding 'Pioneer Mart-0.0.0'
adding 'Pioneer Mart-0.0.0/tests'
adding 'Pioneer Mart-0.0.0/src'
adding 'Pioneer Mart-0.0.0/PKG-INFO'
adding 'Pioneer Mart-0.0.0/LICENSE'
adding 'Pioneer Mart-0.0.0/pyproject.toml'
adding 'Pioneer Mart-0.0.0/README.md'
adding 'Pioneer Mart-0.0.0/setup.py'
adding 'Pioneer Mart-0.0.0/setup.cfg'
adding 'Pioneer Mart-0.0.0/tests/test_ex.py'
adding 'Pioneer Mart-0.0.0/src/basic_classes'
adding 'Pioneer Mart-0.0.0/src/Pioneer_Mart.egg-info'
adding 'Pioneer Mart-0.0.0/src/basic_classes/User_example.py'
adding 'Pioneer Mart-0.0.0/src/basic_classes/__init__.py'
adding 'Pioneer Mart-0.0.0/src/basic_classes/py.typed'
adding 'Pioneer Mart-0.0.0/src/Pioneer_Mart.egg-info/PKG-INFO'
adding 'Pioneer Mart-0.0.0/src/Pioneer_Mart.egg-info/not-zip-safe'
adding 'Pioneer Mart-0.0.0/src/Pioneer_Mart.egg-info/SOURCES.txt'
adding 'Pioneer Mart-0.0.0/src/Pioneer_Mart.egg-info/requires.txt'
adding 'Pioneer Mart-0.0.0/src/Pioneer_Mart.egg-info/top_level.txt'
adding 'Pioneer Mart-0.0.0/src/Pioneer_Mart.egg-info/dependency_links.txt'
removing 'Pioneer Mart-0.0.0' (and everything under it)
